[2025-10-25 20:59:50][INFO] ================================================================================
[2025-10-25 20:59:50][INFO] ResNet-50 ImageNet Training
[2025-10-25 20:59:50][INFO] ================================================================================
[2025-10-25 20:59:50][INFO] Configuration: {'dataset': 'full', 'data_dir': '/datasets', 'ffcv_dir': '/data/ffcv', 'use_ffcv': True, 'max_samples': None, 'test_mode': False, 'partial_dataset': False, 'partial_classes': None, 'batch_size': 2048, 'epochs': 80, 'lr': 0.8, 'momentum': 0.9, 'weight_decay': 0.0001, 'label_smoothing': 0.1, 'scheduler': 'onecycle', 'warmup_epochs': 5, 'cutmix_prob': 0.5, 'mixup_alpha': 0.4, 'progressive_resize': True, 'amp': True, 'compile': True, 'use_ema': True, 'gradient_clip': 1.0, 'num_workers': 24, 'dist_backend': 'nccl', 'resume': None, 'auto_resume': False, 'checkpoint_interval': 5, 'checkpoint_dir': '/data/checkpoints_80ep', 'log_dir': '/data/logs_80ep', 'seed': 42, 'target_accuracy': 78.0, 'budget_hours': None, 'distributed': True, 'rank': 0, 'world_size': 8}
[2025-10-25 20:59:50][INFO] Using device: cuda:0
[2025-10-25 20:59:50][INFO] Building ResNet-50 model...
[2025-10-25 20:59:50][INFO] Compiling model with torch.compile...
[2025-10-25 20:59:51][INFO] Total parameters: 25,557,032
[2025-10-25 20:59:51][INFO] Trainable parameters: 25,557,032
[2025-10-25 20:59:51][INFO] Batch size per GPU: 256
[2025-10-25 20:59:51][INFO] Using FFCV data loaders...
[2025-10-25 20:59:56][INFO] Train batches: 625
[2025-10-25 20:59:56][INFO] Val batches: 25
[2025-10-25 20:59:56][INFO] Optimizer: SGD (lr=0.8, momentum=0.9)
[2025-10-25 20:59:56][INFO] 
🚀 Distributed Training Configuration:
[2025-10-25 20:59:56][INFO]    World Size: 8 GPUs
[2025-10-25 20:59:56][INFO]    Backend: nccl
[2025-10-25 20:59:56][INFO]    Total Batch Size: 2048
[2025-10-25 20:59:56][INFO]    Per-GPU Batch Size: 256
[2025-10-25 20:59:56][INFO]    Learning Rate: 0.8000
[2025-10-25 20:59:56][INFO] 🔍 DEBUG: OneCycleLR configuration:
[2025-10-25 20:59:56][INFO]   - max_lr: 0.8
[2025-10-25 20:59:56][INFO]   - initial_lr (max_lr/25): 0.032
[2025-10-25 20:59:56][INFO]   - total_steps: 50000
[2025-10-25 20:59:56][INFO]   - warmup_epochs: 5
[2025-10-25 20:59:56][INFO]   - pct_start: 0.0625
[2025-10-25 20:59:56][INFO] 🔍 DEBUG: Actual initial LR after scheduler workaround: 0.032
[2025-10-25 20:59:56][INFO] Using OneCycleLR scheduler with 5 warmup epochs
[2025-10-25 20:59:56][INFO] Scheduler: onecycle
[2025-10-25 20:59:56][INFO] 🔍 DEBUG: Resume configuration:
[2025-10-25 20:59:56][INFO]   - auto_resume from config: False
[2025-10-25 20:59:56][INFO]   - resume path from config: None
[2025-10-25 20:59:56][INFO]   - checkpoint_dir: /data/checkpoints_80ep
[2025-10-25 20:59:56][INFO] ✅ DEBUG: Auto-resume is DISABLED, starting fresh training
[2025-10-25 20:59:56][INFO] 
================================================================================
[2025-10-25 20:59:56][INFO] Epoch 1/80
[2025-10-25 20:59:56][INFO] ================================================================================
[2025-10-25 21:00:55][INFO] 🔍 DEBUG: Using regular model for validation (not EMA)
[2025-10-25 21:01:36][INFO] Train Loss: 6.6493 | Train Acc: 1.23%
[2025-10-25 21:01:36][INFO] Val Loss: 5.8118 | Val Acc: 4.10%
[2025-10-25 21:01:36][INFO] Learning Rate: 0.105610
[2025-10-25 21:01:37][INFO] Saved best model with accuracy: 4.10%
[2025-10-25 21:01:37][INFO] 
================================================================================
[2025-10-25 21:01:37][INFO] Epoch 2/80
[2025-10-25 21:01:37][INFO] ================================================================================
[2025-10-25 21:02:19][INFO] 🔍 DEBUG: Using regular model for validation (not EMA)
[2025-10-25 21:02:23][INFO] Train Loss: 5.7329 | Train Acc: 8.23%
[2025-10-25 21:02:23][INFO] Val Loss: 4.7171 | Val Acc: 12.80%
[2025-10-25 21:02:23][INFO] Learning Rate: 0.297852
[2025-10-25 21:02:25][INFO] Saved best model with accuracy: 12.80%
[2025-10-25 21:02:25][INFO] 
================================================================================
[2025-10-25 21:02:25][INFO] Epoch 3/80
[2025-10-25 21:02:25][INFO] ================================================================================
[2025-10-25 21:03:06][INFO] 🔍 DEBUG: Using regular model for validation (not EMA)
[2025-10-25 21:03:11][INFO] Train Loss: 5.1423 | Train Acc: 17.19%
[2025-10-25 21:03:11][INFO] Val Loss: 4.2599 | Val Acc: 20.48%
[2025-10-25 21:03:11][INFO] Learning Rate: 0.535250
[2025-10-25 21:03:13][INFO] Saved best model with accuracy: 20.48%
[2025-10-25 21:03:13][INFO] 
================================================================================
[2025-10-25 21:03:13][INFO] Epoch 4/80
[2025-10-25 21:03:13][INFO] ================================================================================
[2025-10-25 21:03:54][INFO] 🔍 DEBUG: Using regular model for validation (not EMA)
[2025-10-25 21:03:59][INFO] Train Loss: 4.7355 | Train Acc: 24.98%
[2025-10-25 21:03:59][INFO] Val Loss: 4.1376 | Val Acc: 22.25%
[2025-10-25 21:03:59][INFO] Learning Rate: 0.727071
[2025-10-25 21:04:01][INFO] Saved best model with accuracy: 22.25%
[2025-10-25 21:04:01][INFO] 
================================================================================
[2025-10-25 21:04:01][INFO] Epoch 5/80
[2025-10-25 21:04:01][INFO] ================================================================================
[2025-10-25 21:04:42][INFO] 🔍 DEBUG: Using regular model for validation (not EMA)
[2025-10-25 21:04:47][INFO] Train Loss: 4.4707 | Train Acc: 30.28%
[2025-10-25 21:04:47][INFO] Val Loss: 3.5105 | Val Acc: 31.80%
[2025-10-25 21:04:47][INFO] Learning Rate: 0.800000
[2025-10-25 21:04:49][INFO] Saved best model with accuracy: 31.80%
[2025-10-25 21:04:49][INFO] 
================================================================================
[2025-10-25 21:04:49][INFO] Epoch 6/80
[2025-10-25 21:04:49][INFO] ================================================================================
[2025-10-25 21:05:31][INFO] 🔍 DEBUG: Using regular model for validation (not EMA)
[2025-10-25 21:05:35][INFO] Train Loss: 4.2980 | Train Acc: 33.94%
[2025-10-25 21:05:35][INFO] Val Loss: 3.3079 | Val Acc: 37.22%
[2025-10-25 21:05:35][INFO] Learning Rate: 0.799647
[2025-10-25 21:05:37][INFO] Saved best model with accuracy: 37.22%
[2025-10-25 21:05:37][INFO] 
================================================================================
[2025-10-25 21:05:37][INFO] Epoch 7/80
[2025-10-25 21:05:37][INFO] ================================================================================
[2025-10-25 21:06:19][INFO] 🔍 DEBUG: Using regular model for validation (not EMA)
[2025-10-25 21:06:23][INFO] Train Loss: 4.1789 | Train Acc: 36.64%
[2025-10-25 21:06:23][INFO] Val Loss: 3.2007 | Val Acc: 38.42%
[2025-10-25 21:06:23][INFO] Learning Rate: 0.798593
[2025-10-25 21:06:25][INFO] Saved best model with accuracy: 38.42%
[2025-10-25 21:06:25][INFO] 
================================================================================
[2025-10-25 21:06:25][INFO] Epoch 8/80
[2025-10-25 21:06:25][INFO] ================================================================================
[2025-10-25 21:07:07][INFO] 🔍 DEBUG: Using regular model for validation (not EMA)
[2025-10-25 21:07:11][INFO] Train Loss: 4.0810 | Train Acc: 38.66%
[2025-10-25 21:07:11][INFO] Val Loss: 3.2430 | Val Acc: 38.09%
[2025-10-25 21:07:11][INFO] Learning Rate: 0.796839
[2025-10-25 21:07:11][INFO] 
================================================================================
[2025-10-25 21:07:11][INFO] Epoch 9/80
[2025-10-25 21:07:11][INFO] ================================================================================
[2025-10-25 21:07:53][INFO] 🔍 DEBUG: Using regular model for validation (not EMA)
[2025-10-25 21:07:58][INFO] Train Loss: 4.0200 | Train Acc: 40.12%
[2025-10-25 21:07:58][INFO] Val Loss: 3.5563 | Val Acc: 30.46%
[2025-10-25 21:07:58][INFO] Learning Rate: 0.794389
[2025-10-25 21:07:58][INFO] 
================================================================================
[2025-10-25 21:07:58][INFO] Epoch 10/80
[2025-10-25 21:07:58][INFO] ================================================================================
[2025-10-25 21:08:39][INFO] 🔍 DEBUG: Using regular model for validation (not EMA)
[2025-10-25 21:08:44][INFO] Train Loss: 3.9695 | Train Acc: 41.43%
[2025-10-25 21:08:44][INFO] Val Loss: 3.2703 | Val Acc: 40.47%
[2025-10-25 21:08:44][INFO] Learning Rate: 0.791248
[2025-10-25 21:08:46][INFO] Saved best model with accuracy: 40.47%
[2025-10-25 21:08:46][INFO] 
================================================================================
[2025-10-25 21:08:46][INFO] Epoch 11/80
[2025-10-25 21:08:46][INFO] ================================================================================
[2025-10-25 21:09:27][INFO] 🔍 DEBUG: Using regular model for validation (not EMA)
[2025-10-25 21:09:32][INFO] Train Loss: 3.9131 | Train Acc: 42.22%
[2025-10-25 21:09:32][INFO] Val Loss: 3.5022 | Val Acc: 34.14%
[2025-10-25 21:09:32][INFO] Learning Rate: 0.787420
[2025-10-25 21:09:32][INFO] 
================================================================================
[2025-10-25 21:09:32][INFO] Epoch 12/80
[2025-10-25 21:09:32][INFO] ================================================================================
[2025-10-25 21:10:14][INFO] 🔍 DEBUG: Using regular model for validation (not EMA)
[2025-10-25 21:10:18][INFO] Train Loss: 3.8770 | Train Acc: 43.27%
[2025-10-25 21:10:18][INFO] Val Loss: 3.1059 | Val Acc: 42.91%
[2025-10-25 21:10:18][INFO] Learning Rate: 0.782912
[2025-10-25 21:10:20][INFO] Saved best model with accuracy: 42.91%
[2025-10-25 21:10:20][INFO] 
================================================================================
[2025-10-25 21:10:20][INFO] Epoch 13/80
[2025-10-25 21:10:20][INFO] ================================================================================
[2025-10-25 21:11:02][INFO] 🔍 DEBUG: Using regular model for validation (not EMA)
[2025-10-25 21:11:06][INFO] Train Loss: 3.8484 | Train Acc: 44.23%
[2025-10-25 21:11:06][INFO] Val Loss: 2.8642 | Val Acc: 45.90%
[2025-10-25 21:11:06][INFO] Learning Rate: 0.777733
[2025-10-25 21:11:08][INFO] Saved best model with accuracy: 45.90%
[2025-10-25 21:11:08][INFO] 
================================================================================
[2025-10-25 21:11:08][INFO] Epoch 14/80
[2025-10-25 21:11:08][INFO] ================================================================================
[2025-10-25 21:11:50][INFO] 🔍 DEBUG: Using regular model for validation (not EMA)
[2025-10-25 21:11:54][INFO] Train Loss: 3.8170 | Train Acc: 44.74%
[2025-10-25 21:11:54][INFO] Val Loss: 3.0420 | Val Acc: 42.86%
[2025-10-25 21:11:54][INFO] Learning Rate: 0.771891
[2025-10-25 21:11:54][INFO] 
================================================================================
[2025-10-25 21:11:54][INFO] Epoch 15/80
[2025-10-25 21:11:54][INFO] ================================================================================
[2025-10-25 21:12:36][INFO] 🔍 DEBUG: Using regular model for validation (not EMA)
[2025-10-25 21:12:41][INFO] Train Loss: 3.7805 | Train Acc: 45.23%
[2025-10-25 21:12:41][INFO] Val Loss: 2.9304 | Val Acc: 44.56%
[2025-10-25 21:12:41][INFO] Learning Rate: 0.765397
[2025-10-25 21:12:41][INFO] 
================================================================================
[2025-10-25 21:12:41][INFO] Epoch 16/80
[2025-10-25 21:12:41][INFO] ================================================================================
[2025-10-25 21:13:23][INFO] 🔍 DEBUG: Using regular model for validation (not EMA)
[2025-10-25 21:13:28][INFO] Train Loss: 3.7639 | Train Acc: 45.59%
[2025-10-25 21:13:28][INFO] Val Loss: 2.7465 | Val Acc: 47.52%
[2025-10-25 21:13:28][INFO] Learning Rate: 0.758261
[2025-10-25 21:13:30][INFO] Saved best model with accuracy: 47.52%
[2025-10-25 21:13:30][INFO] 
================================================================================
[2025-10-25 21:13:30][INFO] Epoch 17/80
[2025-10-25 21:13:30][INFO] ================================================================================
[2025-10-25 21:14:11][INFO] 🔍 DEBUG: Using regular model for validation (not EMA)
[2025-10-25 21:14:16][INFO] Train Loss: 3.7361 | Train Acc: 46.27%
[2025-10-25 21:14:16][INFO] Val Loss: 3.0460 | Val Acc: 44.06%
[2025-10-25 21:14:16][INFO] Learning Rate: 0.750497
[2025-10-25 21:14:16][INFO] 
================================================================================
[2025-10-25 21:14:16][INFO] Epoch 18/80
[2025-10-25 21:14:16][INFO] ================================================================================
[2025-10-25 21:14:57][INFO] 🔍 DEBUG: Using regular model for validation (not EMA)
[2025-10-25 21:15:02][INFO] Train Loss: 3.7219 | Train Acc: 46.49%
[2025-10-25 21:15:02][INFO] Val Loss: 2.8827 | Val Acc: 48.12%
[2025-10-25 21:15:02][INFO] Learning Rate: 0.742118
[2025-10-25 21:15:04][INFO] Saved best model with accuracy: 48.12%
[2025-10-25 21:15:04][INFO] 
================================================================================
[2025-10-25 21:15:04][INFO] Epoch 19/80
[2025-10-25 21:15:04][INFO] ================================================================================
[2025-10-25 21:15:45][INFO] 🔍 DEBUG: Using regular model for validation (not EMA)
[2025-10-25 21:15:50][INFO] Train Loss: 3.7156 | Train Acc: 47.01%
[2025-10-25 21:15:50][INFO] Val Loss: 2.6983 | Val Acc: 48.37%
[2025-10-25 21:15:50][INFO] Learning Rate: 0.733139
[2025-10-25 21:15:52][INFO] Saved best model with accuracy: 48.37%
[2025-10-25 21:15:52][INFO] 
================================================================================
[2025-10-25 21:15:52][INFO] Epoch 20/80
[2025-10-25 21:15:52][INFO] ================================================================================
[2025-10-25 21:16:33][INFO] 🔍 DEBUG: Using regular model for validation (not EMA)
[2025-10-25 21:16:38][INFO] Train Loss: 3.6821 | Train Acc: 47.29%
[2025-10-25 21:16:38][INFO] Val Loss: 2.7791 | Val Acc: 48.09%
[2025-10-25 21:16:38][INFO] Learning Rate: 0.723576
[2025-10-25 21:16:39][INFO] 
================================================================================
[2025-10-25 21:16:39][INFO] Epoch 21/80
[2025-10-25 21:16:39][INFO] ================================================================================
[2025-10-25 21:17:20][INFO] 🔍 DEBUG: Using regular model for validation (not EMA)
[2025-10-25 21:17:25][INFO] Train Loss: 3.6632 | Train Acc: 47.38%
[2025-10-25 21:17:25][INFO] Val Loss: 2.8622 | Val Acc: 46.52%
[2025-10-25 21:17:25][INFO] Learning Rate: 0.713444
[2025-10-25 21:17:25][INFO] 
================================================================================
[2025-10-25 21:17:25][INFO] Epoch 22/80
[2025-10-25 21:17:25][INFO] ================================================================================
[2025-10-25 21:18:06][INFO] 🔍 DEBUG: Using regular model for validation (not EMA)
[2025-10-25 21:18:11][INFO] Train Loss: 3.6375 | Train Acc: 48.01%
[2025-10-25 21:18:11][INFO] Val Loss: 2.6545 | Val Acc: 49.15%
[2025-10-25 21:18:11][INFO] Learning Rate: 0.702763
[2025-10-25 21:18:13][INFO] Saved best model with accuracy: 49.15%
[2025-10-25 21:18:13][INFO] 
================================================================================
[2025-10-25 21:18:13][INFO] Epoch 23/80
[2025-10-25 21:18:13][INFO] ================================================================================
[2025-10-25 21:18:54][INFO] 🔍 DEBUG: Using regular model for validation (not EMA)
[2025-10-25 21:18:59][INFO] Train Loss: 3.6548 | Train Acc: 48.15%
[2025-10-25 21:18:59][INFO] Val Loss: 2.9501 | Val Acc: 46.27%
[2025-10-25 21:18:59][INFO] Learning Rate: 0.691551
[2025-10-25 21:18:59][INFO] 
================================================================================
[2025-10-25 21:18:59][INFO] Epoch 24/80
[2025-10-25 21:18:59][INFO] ================================================================================
[2025-10-25 21:19:40][INFO] 🔍 DEBUG: Using regular model for validation (not EMA)
[2025-10-25 21:19:45][INFO] Train Loss: 3.6394 | Train Acc: 48.40%
[2025-10-25 21:19:45][INFO] Val Loss: 2.6219 | Val Acc: 51.48%
[2025-10-25 21:19:45][INFO] Learning Rate: 0.679828
[2025-10-25 21:19:47][INFO] Saved best model with accuracy: 51.48%
[2025-10-25 21:19:47][INFO] 
================================================================================
[2025-10-25 21:19:47][INFO] Epoch 25/80
[2025-10-25 21:19:47][INFO] ================================================================================
[2025-10-25 21:20:28][INFO] 🔍 DEBUG: Using regular model for validation (not EMA)
[2025-10-25 21:20:33][INFO] Train Loss: 3.6211 | Train Acc: 48.60%
[2025-10-25 21:20:33][INFO] Val Loss: 2.7022 | Val Acc: 47.93%
[2025-10-25 21:20:33][INFO] Learning Rate: 0.667613
[2025-10-25 21:20:34][INFO] 
================================================================================
[2025-10-25 21:20:34][INFO] Epoch 26/80
[2025-10-25 21:20:34][INFO] ================================================================================
[2025-10-25 21:21:15][INFO] 🔍 DEBUG: Using regular model for validation (not EMA)
[2025-10-25 21:21:20][INFO] Train Loss: 3.6065 | Train Acc: 48.87%
[2025-10-25 21:21:20][INFO] Val Loss: 2.7762 | Val Acc: 48.68%
[2025-10-25 21:21:20][INFO] Learning Rate: 0.654929
[2025-10-25 21:21:20][INFO] 
================================================================================
[2025-10-25 21:21:20][INFO] Epoch 27/80
[2025-10-25 21:21:20][INFO] ================================================================================
[2025-10-25 21:22:02][INFO] 🔍 DEBUG: Using regular model for validation (not EMA)
[2025-10-25 21:22:06][INFO] Train Loss: 3.5907 | Train Acc: 49.25%
[2025-10-25 21:22:06][INFO] Val Loss: 2.7687 | Val Acc: 48.16%
[2025-10-25 21:22:06][INFO] Learning Rate: 0.641798
[2025-10-25 21:22:06][INFO] 
================================================================================
[2025-10-25 21:22:06][INFO] Epoch 28/80
[2025-10-25 21:22:06][INFO] ================================================================================
[2025-10-25 21:22:48][INFO] 🔍 DEBUG: Using regular model for validation (not EMA)
[2025-10-25 21:22:52][INFO] Train Loss: 3.5756 | Train Acc: 49.36%
[2025-10-25 21:22:52][INFO] Val Loss: 2.9010 | Val Acc: 44.88%
[2025-10-25 21:22:52][INFO] Learning Rate: 0.628242
[2025-10-25 21:22:52][INFO] 
================================================================================
[2025-10-25 21:22:52][INFO] Epoch 29/80
[2025-10-25 21:22:52][INFO] ================================================================================
[2025-10-25 21:23:34][INFO] 🔍 DEBUG: Using regular model for validation (not EMA)
[2025-10-25 21:23:39][INFO] Train Loss: 3.5750 | Train Acc: 49.55%
[2025-10-25 21:23:39][INFO] Val Loss: 2.8424 | Val Acc: 48.95%
[2025-10-25 21:23:39][INFO] Learning Rate: 0.614286
[2025-10-25 21:23:39][INFO] 
================================================================================
[2025-10-25 21:23:39][INFO] Epoch 30/80
[2025-10-25 21:23:39][INFO] ================================================================================
[2025-10-25 21:24:20][INFO] 🔍 DEBUG: Using regular model for validation (not EMA)
[2025-10-25 21:24:25][INFO] Train Loss: 3.5771 | Train Acc: 49.78%
[2025-10-25 21:24:25][INFO] Val Loss: 2.6880 | Val Acc: 50.42%
[2025-10-25 21:24:25][INFO] Learning Rate: 0.599954
[2025-10-25 21:24:26][INFO] Updating image size to 192 at epoch 31
[2025-10-25 21:24:26][INFO] Batch size per GPU: 256
[2025-10-25 21:24:26][INFO] Using FFCV data loaders...
[2025-10-25 21:24:30][INFO] Train batches: 625
[2025-10-25 21:24:30][INFO] Val batches: 25
[2025-10-25 21:24:31][INFO] 
================================================================================
[2025-10-25 21:24:31][INFO] Epoch 31/80
[2025-10-25 21:24:31][INFO] ================================================================================
[2025-10-25 21:25:14][INFO] 🔍 DEBUG: Using regular model for validation (not EMA)
[2025-10-25 21:25:20][INFO] Train Loss: 3.5568 | Train Acc: 50.06%
[2025-10-25 21:25:20][INFO] Val Loss: 2.6212 | Val Acc: 52.79%
[2025-10-25 21:25:20][INFO] Learning Rate: 0.585272
[2025-10-25 21:25:22][INFO] Saved best model with accuracy: 52.79%
[2025-10-25 21:25:22][INFO] 
================================================================================
[2025-10-25 21:25:22][INFO] Epoch 32/80
[2025-10-25 21:25:22][INFO] ================================================================================
[2025-10-25 21:26:04][INFO] 🔍 DEBUG: Using regular model for validation (not EMA)
[2025-10-25 21:26:08][INFO] Train Loss: 3.5617 | Train Acc: 50.27%
[2025-10-25 21:26:08][INFO] Val Loss: 2.6089 | Val Acc: 52.23%
[2025-10-25 21:26:08][INFO] Learning Rate: 0.570264
[2025-10-25 21:26:08][INFO] 
================================================================================
[2025-10-25 21:26:08][INFO] Epoch 33/80
[2025-10-25 21:26:08][INFO] ================================================================================
[2025-10-25 21:26:50][INFO] 🔍 DEBUG: Using regular model for validation (not EMA)
[2025-10-25 21:26:55][INFO] Train Loss: 3.5382 | Train Acc: 50.36%
[2025-10-25 21:26:55][INFO] Val Loss: 2.9815 | Val Acc: 50.69%
[2025-10-25 21:26:55][INFO] Learning Rate: 0.554958
[2025-10-25 21:26:55][INFO] 
================================================================================
[2025-10-25 21:26:55][INFO] Epoch 34/80
[2025-10-25 21:26:55][INFO] ================================================================================
[2025-10-25 21:27:36][INFO] 🔍 DEBUG: Using regular model for validation (not EMA)
[2025-10-25 21:27:41][INFO] Train Loss: 3.5429 | Train Acc: 50.72%
[2025-10-25 21:27:41][INFO] Val Loss: 2.6036 | Val Acc: 52.33%
[2025-10-25 21:27:41][INFO] Learning Rate: 0.539380
[2025-10-25 21:27:41][INFO] 
================================================================================
[2025-10-25 21:27:41][INFO] Epoch 35/80
[2025-10-25 21:27:41][INFO] ================================================================================
[2025-10-25 21:28:23][INFO] 🔍 DEBUG: Using regular model for validation (not EMA)
[2025-10-25 21:28:27][INFO] Train Loss: 3.5296 | Train Acc: 51.00%
[2025-10-25 21:28:27][INFO] Val Loss: 3.0283 | Val Acc: 45.04%
[2025-10-25 21:28:27][INFO] Learning Rate: 0.523557
[2025-10-25 21:28:28][INFO] 
================================================================================
[2025-10-25 21:28:28][INFO] Epoch 36/80
[2025-10-25 21:28:28][INFO] ================================================================================
[2025-10-25 21:29:10][INFO] 🔍 DEBUG: Using regular model for validation (not EMA)
[2025-10-25 21:29:15][INFO] Train Loss: 3.5088 | Train Acc: 51.19%
[2025-10-25 21:29:15][INFO] Val Loss: 2.5005 | Val Acc: 53.34%
[2025-10-25 21:29:15][INFO] Learning Rate: 0.507517
[2025-10-25 21:29:17][INFO] Saved best model with accuracy: 53.34%
[2025-10-25 21:29:17][INFO] 
================================================================================
[2025-10-25 21:29:17][INFO] Epoch 37/80
[2025-10-25 21:29:17][INFO] ================================================================================
[2025-10-25 21:29:58][INFO] 🔍 DEBUG: Using regular model for validation (not EMA)
[2025-10-25 21:30:03][INFO] Train Loss: 3.4970 | Train Acc: 51.30%
[2025-10-25 21:30:03][INFO] Val Loss: 2.6411 | Val Acc: 52.48%
[2025-10-25 21:30:03][INFO] Learning Rate: 0.491289
[2025-10-25 21:30:03][INFO] 
================================================================================
[2025-10-25 21:30:03][INFO] Epoch 38/80
[2025-10-25 21:30:03][INFO] ================================================================================
[2025-10-25 21:30:45][INFO] 🔍 DEBUG: Using regular model for validation (not EMA)
[2025-10-25 21:30:49][INFO] Train Loss: 3.4976 | Train Acc: 51.48%
[2025-10-25 21:30:49][INFO] Val Loss: 2.7025 | Val Acc: 50.62%
[2025-10-25 21:30:49][INFO] Learning Rate: 0.474901
[2025-10-25 21:30:49][INFO] 
================================================================================
[2025-10-25 21:30:49][INFO] Epoch 39/80
[2025-10-25 21:30:49][INFO] ================================================================================
[2025-10-25 21:31:31][INFO] 🔍 DEBUG: Using regular model for validation (not EMA)
[2025-10-25 21:31:36][INFO] Train Loss: 3.4785 | Train Acc: 51.81%
[2025-10-25 21:31:36][INFO] Val Loss: 2.4571 | Val Acc: 54.65%
[2025-10-25 21:31:36][INFO] Learning Rate: 0.458382
[2025-10-25 21:31:37][INFO] Saved best model with accuracy: 54.65%
[2025-10-25 21:31:37][INFO] 
================================================================================
[2025-10-25 21:31:37][INFO] Epoch 40/80
[2025-10-25 21:31:37][INFO] ================================================================================
[2025-10-25 21:32:19][INFO] 🔍 DEBUG: Using regular model for validation (not EMA)
[2025-10-25 21:32:24][INFO] Train Loss: 3.4656 | Train Acc: 51.96%
[2025-10-25 21:32:24][INFO] Val Loss: 3.1269 | Val Acc: 44.18%
[2025-10-25 21:32:24][INFO] Learning Rate: 0.441759
[2025-10-25 21:32:24][INFO] 
================================================================================
[2025-10-25 21:32:24][INFO] Epoch 41/80
[2025-10-25 21:32:24][INFO] ================================================================================
[2025-10-25 21:33:06][INFO] 🔍 DEBUG: Using regular model for validation (not EMA)
[2025-10-25 21:33:11][INFO] Train Loss: 3.4554 | Train Acc: 52.13%
[2025-10-25 21:33:11][INFO] Val Loss: 2.4946 | Val Acc: 55.88%
[2025-10-25 21:33:11][INFO] Learning Rate: 0.425064
[2025-10-25 21:33:13][INFO] Saved best model with accuracy: 55.88%
[2025-10-25 21:33:13][INFO] 
================================================================================
[2025-10-25 21:33:13][INFO] Epoch 42/80
[2025-10-25 21:33:13][INFO] ================================================================================
[2025-10-25 21:33:54][INFO] 🔍 DEBUG: Using regular model for validation (not EMA)
[2025-10-25 21:33:59][INFO] Train Loss: 3.4334 | Train Acc: 52.57%
[2025-10-25 21:33:59][INFO] Val Loss: 2.4248 | Val Acc: 57.38%
[2025-10-25 21:33:59][INFO] Learning Rate: 0.408325
[2025-10-25 21:34:01][INFO] Saved best model with accuracy: 57.38%
[2025-10-25 21:34:01][INFO] 
================================================================================
[2025-10-25 21:34:01][INFO] Epoch 43/80
[2025-10-25 21:34:01][INFO] ================================================================================
[2025-10-25 21:34:42][INFO] 🔍 DEBUG: Using regular model for validation (not EMA)
[2025-10-25 21:34:47][INFO] Train Loss: 3.4313 | Train Acc: 52.87%
[2025-10-25 21:34:47][INFO] Val Loss: 2.4945 | Val Acc: 54.50%
[2025-10-25 21:34:47][INFO] Learning Rate: 0.391571
[2025-10-25 21:34:47][INFO] 
================================================================================
[2025-10-25 21:34:47][INFO] Epoch 44/80
[2025-10-25 21:34:47][INFO] ================================================================================
[2025-10-25 21:35:29][INFO] 🔍 DEBUG: Using regular model for validation (not EMA)
[2025-10-25 21:35:33][INFO] Train Loss: 3.4199 | Train Acc: 53.09%
[2025-10-25 21:35:33][INFO] Val Loss: 2.5789 | Val Acc: 54.82%
[2025-10-25 21:35:33][INFO] Learning Rate: 0.374832
[2025-10-25 21:35:33][INFO] 
================================================================================
[2025-10-25 21:35:33][INFO] Epoch 45/80
[2025-10-25 21:35:33][INFO] ================================================================================
[2025-10-25 21:36:15][INFO] 🔍 DEBUG: Using regular model for validation (not EMA)
[2025-10-25 21:36:19][INFO] Train Loss: 3.4027 | Train Acc: 53.42%
[2025-10-25 21:36:19][INFO] Val Loss: 2.5078 | Val Acc: 55.25%
[2025-10-25 21:36:19][INFO] Learning Rate: 0.358137
[2025-10-25 21:36:20][INFO] 
================================================================================
[2025-10-25 21:36:20][INFO] Epoch 46/80
[2025-10-25 21:36:20][INFO] ================================================================================
[2025-10-25 21:37:02][INFO] 🔍 DEBUG: Using regular model for validation (not EMA)
[2025-10-25 21:37:06][INFO] Train Loss: 3.3832 | Train Acc: 53.76%
[2025-10-25 21:37:06][INFO] Val Loss: 2.6592 | Val Acc: 54.87%
[2025-10-25 21:37:06][INFO] Learning Rate: 0.341516
[2025-10-25 21:37:06][INFO] 
================================================================================
[2025-10-25 21:37:06][INFO] Epoch 47/80
[2025-10-25 21:37:06][INFO] ================================================================================
[2025-10-25 21:37:48][INFO] 🔍 DEBUG: Using regular model for validation (not EMA)
[2025-10-25 21:37:53][INFO] Train Loss: 3.3841 | Train Acc: 54.01%
[2025-10-25 21:37:53][INFO] Val Loss: 2.4653 | Val Acc: 55.98%
[2025-10-25 21:37:53][INFO] Learning Rate: 0.324997
[2025-10-25 21:37:53][INFO] 
================================================================================
[2025-10-25 21:37:53][INFO] Epoch 48/80
[2025-10-25 21:37:53][INFO] ================================================================================
[2025-10-25 21:38:34][INFO] 🔍 DEBUG: Using regular model for validation (not EMA)
[2025-10-25 21:38:39][INFO] Train Loss: 3.3467 | Train Acc: 54.28%
[2025-10-25 21:38:39][INFO] Val Loss: 2.5514 | Val Acc: 56.34%
[2025-10-25 21:38:39][INFO] Learning Rate: 0.308609
[2025-10-25 21:38:39][INFO] 
================================================================================
[2025-10-25 21:38:39][INFO] Epoch 49/80
[2025-10-25 21:38:39][INFO] ================================================================================
[2025-10-25 21:39:21][INFO] 🔍 DEBUG: Using regular model for validation (not EMA)
[2025-10-25 21:39:25][INFO] Train Loss: 3.3464 | Train Acc: 54.79%
[2025-10-25 21:39:25][INFO] Val Loss: 2.3240 | Val Acc: 57.16%
[2025-10-25 21:39:25][INFO] Learning Rate: 0.292382
[2025-10-25 21:39:25][INFO] 
================================================================================
[2025-10-25 21:39:25][INFO] Epoch 50/80
[2025-10-25 21:39:25][INFO] ================================================================================
[2025-10-25 21:40:07][INFO] 🔍 DEBUG: Using regular model for validation (not EMA)
[2025-10-25 21:40:12][INFO] Train Loss: 3.3406 | Train Acc: 55.24%
[2025-10-25 21:40:12][INFO] Val Loss: 2.3139 | Val Acc: 58.56%
[2025-10-25 21:40:12][INFO] Learning Rate: 0.276344
[2025-10-25 21:40:14][INFO] Saved best model with accuracy: 58.56%
[2025-10-25 21:40:14][INFO] 
================================================================================
[2025-10-25 21:40:14][INFO] Epoch 51/80
[2025-10-25 21:40:14][INFO] ================================================================================
[2025-10-25 21:40:55][INFO] 🔍 DEBUG: Using regular model for validation (not EMA)
[2025-10-25 21:41:00][INFO] Train Loss: 3.2999 | Train Acc: 55.30%
[2025-10-25 21:41:00][INFO] Val Loss: 2.1962 | Val Acc: 58.69%
[2025-10-25 21:41:00][INFO] Learning Rate: 0.260523
[2025-10-25 21:41:02][INFO] Saved best model with accuracy: 58.69%
[2025-10-25 21:41:02][INFO] 
================================================================================
[2025-10-25 21:41:02][INFO] Epoch 52/80
[2025-10-25 21:41:02][INFO] ================================================================================
[2025-10-25 21:41:43][INFO] 🔍 DEBUG: Using regular model for validation (not EMA)
[2025-10-25 21:41:48][INFO] Train Loss: 3.2987 | Train Acc: 55.84%
[2025-10-25 21:41:48][INFO] Val Loss: 2.2376 | Val Acc: 58.90%
[2025-10-25 21:41:48][INFO] Learning Rate: 0.244947
[2025-10-25 21:41:50][INFO] Saved best model with accuracy: 58.90%
[2025-10-25 21:41:50][INFO] 
================================================================================
[2025-10-25 21:41:50][INFO] Epoch 53/80
[2025-10-25 21:41:50][INFO] ================================================================================
[2025-10-25 21:42:31][INFO] 🔍 DEBUG: Using regular model for validation (not EMA)
[2025-10-25 21:42:36][INFO] Train Loss: 3.2701 | Train Acc: 56.16%
[2025-10-25 21:42:36][INFO] Val Loss: 2.4177 | Val Acc: 58.55%
[2025-10-25 21:42:36][INFO] Learning Rate: 0.229642
[2025-10-25 21:42:36][INFO] 
================================================================================
[2025-10-25 21:42:36][INFO] Epoch 54/80
[2025-10-25 21:42:36][INFO] ================================================================================
[2025-10-25 21:43:17][INFO] 🔍 DEBUG: Using regular model for validation (not EMA)
[2025-10-25 21:43:22][INFO] Train Loss: 3.2573 | Train Acc: 56.66%
[2025-10-25 21:43:22][INFO] Val Loss: 2.1418 | Val Acc: 60.15%
[2025-10-25 21:43:22][INFO] Learning Rate: 0.214636
[2025-10-25 21:43:24][INFO] Saved best model with accuracy: 60.15%
[2025-10-25 21:43:24][INFO] 
================================================================================
[2025-10-25 21:43:24][INFO] Epoch 55/80
[2025-10-25 21:43:24][INFO] ================================================================================
[2025-10-25 21:44:06][INFO] 🔍 DEBUG: Using regular model for validation (not EMA)
[2025-10-25 21:44:10][INFO] Train Loss: 3.2387 | Train Acc: 56.99%
[2025-10-25 21:44:10][INFO] Val Loss: 2.4304 | Val Acc: 56.76%
[2025-10-25 21:44:10][INFO] Learning Rate: 0.199956
[2025-10-25 21:44:11][INFO] 
================================================================================
[2025-10-25 21:44:11][INFO] Epoch 56/80
[2025-10-25 21:44:11][INFO] ================================================================================
[2025-10-25 21:44:53][INFO] 🔍 DEBUG: Using regular model for validation (not EMA)
[2025-10-25 21:44:57][INFO] Train Loss: 3.2199 | Train Acc: 57.68%
[2025-10-25 21:44:57][INFO] Val Loss: 2.2412 | Val Acc: 60.70%
[2025-10-25 21:44:57][INFO] Learning Rate: 0.185626
[2025-10-25 21:44:59][INFO] Saved best model with accuracy: 60.70%
[2025-10-25 21:44:59][INFO] 
================================================================================
[2025-10-25 21:44:59][INFO] Epoch 57/80
[2025-10-25 21:44:59][INFO] ================================================================================
[2025-10-25 21:45:41][INFO] 🔍 DEBUG: Using regular model for validation (not EMA)
[2025-10-25 21:45:45][INFO] Train Loss: 3.1822 | Train Acc: 57.98%
[2025-10-25 21:45:45][INFO] Val Loss: 2.2467 | Val Acc: 60.89%
[2025-10-25 21:45:45][INFO] Learning Rate: 0.171673
[2025-10-25 21:45:47][INFO] Saved best model with accuracy: 60.89%
[2025-10-25 21:45:47][INFO] 
================================================================================
[2025-10-25 21:45:47][INFO] Epoch 58/80
[2025-10-25 21:45:47][INFO] ================================================================================
[2025-10-25 21:46:29][INFO] 🔍 DEBUG: Using regular model for validation (not EMA)
[2025-10-25 21:46:33][INFO] Train Loss: 3.1777 | Train Acc: 58.46%
[2025-10-25 21:46:33][INFO] Val Loss: 2.2983 | Val Acc: 59.49%
[2025-10-25 21:46:33][INFO] Learning Rate: 0.158120
[2025-10-25 21:46:33][INFO] 
================================================================================
[2025-10-25 21:46:33][INFO] Epoch 59/80
[2025-10-25 21:46:33][INFO] ================================================================================
[2025-10-25 21:47:15][INFO] 🔍 DEBUG: Using regular model for validation (not EMA)
[2025-10-25 21:47:20][INFO] Train Loss: 3.1497 | Train Acc: 58.98%
[2025-10-25 21:47:20][INFO] Val Loss: 2.1405 | Val Acc: 62.45%
[2025-10-25 21:47:20][INFO] Learning Rate: 0.144992
[2025-10-25 21:47:22][INFO] Saved best model with accuracy: 62.45%
[2025-10-25 21:47:22][INFO] 
================================================================================
[2025-10-25 21:47:22][INFO] Epoch 60/80
[2025-10-25 21:47:22][INFO] ================================================================================
[2025-10-25 21:48:03][INFO] 🔍 DEBUG: Using regular model for validation (not EMA)
[2025-10-25 21:48:08][INFO] Train Loss: 3.1234 | Train Acc: 59.56%
[2025-10-25 21:48:08][INFO] Val Loss: 2.0226 | Val Acc: 62.51%
[2025-10-25 21:48:08][INFO] Learning Rate: 0.132311
[2025-10-25 21:48:10][INFO] Saved best model with accuracy: 62.51%
[2025-10-25 21:48:10][INFO] Updating image size to 224 at epoch 61
[2025-10-25 21:48:10][INFO] Batch size per GPU: 256
[2025-10-25 21:48:10][INFO] Using FFCV data loaders...
[2025-10-25 21:48:14][INFO] Train batches: 625
[2025-10-25 21:48:14][INFO] Val batches: 25
[2025-10-25 21:48:16][INFO] 
================================================================================
[2025-10-25 21:48:16][INFO] Epoch 61/80
[2025-10-25 21:48:16][INFO] ================================================================================
[2025-10-25 21:49:15][INFO] 🔍 DEBUG: Using regular model for validation (not EMA)
[2025-10-25 21:49:21][INFO] Train Loss: 3.0571 | Train Acc: 60.37%
[2025-10-25 21:49:21][INFO] Val Loss: 2.0104 | Val Acc: 63.89%
[2025-10-25 21:49:21][INFO] Learning Rate: 0.120099
[2025-10-25 21:49:22][INFO] Saved best model with accuracy: 63.89%
[2025-10-25 21:49:22][INFO] 
================================================================================
[2025-10-25 21:49:22][INFO] Epoch 62/80
[2025-10-25 21:49:22][INFO] ================================================================================
[2025-10-25 21:50:04][INFO] 🔍 DEBUG: Using regular model for validation (not EMA)
[2025-10-25 21:50:09][INFO] Train Loss: 3.0614 | Train Acc: 60.83%
[2025-10-25 21:50:09][INFO] Val Loss: 2.1095 | Val Acc: 63.70%
[2025-10-25 21:50:09][INFO] Learning Rate: 0.108379
[2025-10-25 21:50:09][INFO] 
================================================================================
[2025-10-25 21:50:09][INFO] Epoch 63/80
[2025-10-25 21:50:09][INFO] ================================================================================
[2025-10-25 21:50:50][INFO] 🔍 DEBUG: Using regular model for validation (not EMA)
[2025-10-25 21:50:55][INFO] Train Loss: 3.0292 | Train Acc: 61.62%
[2025-10-25 21:50:55][INFO] Val Loss: 2.0892 | Val Acc: 64.61%
[2025-10-25 21:50:55][INFO] Learning Rate: 0.097170
[2025-10-25 21:50:57][INFO] Saved best model with accuracy: 64.61%
[2025-10-25 21:50:57][INFO] 
================================================================================
[2025-10-25 21:50:57][INFO] Epoch 64/80
[2025-10-25 21:50:57][INFO] ================================================================================
[2025-10-25 21:51:39][INFO] 🔍 DEBUG: Using regular model for validation (not EMA)
[2025-10-25 21:51:43][INFO] Train Loss: 2.9872 | Train Acc: 62.21%
[2025-10-25 21:51:43][INFO] Val Loss: 2.0017 | Val Acc: 65.92%
[2025-10-25 21:51:43][INFO] Learning Rate: 0.086492
[2025-10-25 21:51:45][INFO] Saved best model with accuracy: 65.92%
[2025-10-25 21:51:45][INFO] 
================================================================================
[2025-10-25 21:51:45][INFO] Epoch 65/80
[2025-10-25 21:51:45][INFO] ================================================================================
[2025-10-25 21:52:27][INFO] 🔍 DEBUG: Using regular model for validation (not EMA)
[2025-10-25 21:52:31][INFO] Train Loss: 2.9658 | Train Acc: 62.92%
[2025-10-25 21:52:31][INFO] Val Loss: 2.1408 | Val Acc: 66.75%
[2025-10-25 21:52:31][INFO] Learning Rate: 0.076365
[2025-10-25 21:52:33][INFO] Saved best model with accuracy: 66.75%
[2025-10-25 21:52:33][INFO] 
================================================================================
[2025-10-25 21:52:33][INFO] Epoch 66/80
[2025-10-25 21:52:33][INFO] ================================================================================
[2025-10-25 21:53:15][INFO] 🔍 DEBUG: Using regular model for validation (not EMA)
[2025-10-25 21:53:19][INFO] Train Loss: 2.9220 | Train Acc: 63.71%
[2025-10-25 21:53:19][INFO] Val Loss: 1.9343 | Val Acc: 66.40%
[2025-10-25 21:53:19][INFO] Learning Rate: 0.066805
[2025-10-25 21:53:19][INFO] 
================================================================================
[2025-10-25 21:53:19][INFO] Epoch 67/80
[2025-10-25 21:53:19][INFO] ================================================================================
[2025-10-25 21:54:01][INFO] 🔍 DEBUG: Using regular model for validation (not EMA)
[2025-10-25 21:54:06][INFO] Train Loss: 2.8923 | Train Acc: 64.46%
[2025-10-25 21:54:06][INFO] Val Loss: 1.9750 | Val Acc: 68.47%
[2025-10-25 21:54:06][INFO] Learning Rate: 0.057829
[2025-10-25 21:54:07][INFO] Saved best model with accuracy: 68.47%
[2025-10-25 21:54:07][INFO] 
================================================================================
[2025-10-25 21:54:07][INFO] Epoch 68/80
[2025-10-25 21:54:07][INFO] ================================================================================
[2025-10-25 21:54:49][INFO] 🔍 DEBUG: Using regular model for validation (not EMA)
[2025-10-25 21:54:54][INFO] Train Loss: 2.8494 | Train Acc: 65.25%
[2025-10-25 21:54:54][INFO] Val Loss: 1.9270 | Val Acc: 69.10%
[2025-10-25 21:54:54][INFO] Learning Rate: 0.049455
[2025-10-25 21:54:55][INFO] Saved best model with accuracy: 69.10%
[2025-10-25 21:54:55][INFO] 
================================================================================
[2025-10-25 21:54:55][INFO] Epoch 69/80
[2025-10-25 21:54:55][INFO] ================================================================================
[2025-10-25 21:55:37][INFO] 🔍 DEBUG: Using regular model for validation (not EMA)
[2025-10-25 21:55:42][INFO] Train Loss: 2.8026 | Train Acc: 66.35%
[2025-10-25 21:55:42][INFO] Val Loss: 1.8608 | Val Acc: 69.60%
[2025-10-25 21:55:42][INFO] Learning Rate: 0.041694
[2025-10-25 21:55:43][INFO] Saved best model with accuracy: 69.60%
[2025-10-25 21:55:43][INFO] 
================================================================================
[2025-10-25 21:55:43][INFO] Epoch 70/80
[2025-10-25 21:55:43][INFO] ================================================================================
[2025-10-25 21:56:25][INFO] 🔍 DEBUG: Using regular model for validation (not EMA)
[2025-10-25 21:56:30][INFO] Train Loss: 2.7837 | Train Acc: 66.98%
[2025-10-25 21:56:30][INFO] Val Loss: 1.9258 | Val Acc: 70.31%
[2025-10-25 21:56:30][INFO] Learning Rate: 0.034563
[2025-10-25 21:56:32][INFO] Saved best model with accuracy: 70.31%
[2025-10-25 21:56:32][INFO] 
================================================================================
[2025-10-25 21:56:32][INFO] Epoch 71/80
[2025-10-25 21:56:32][INFO] ================================================================================
[2025-10-25 21:57:13][INFO] 🔍 DEBUG: Using regular model for validation (not EMA)
[2025-10-25 21:57:18][INFO] Train Loss: 2.7427 | Train Acc: 67.95%
[2025-10-25 21:57:18][INFO] Val Loss: 1.7317 | Val Acc: 71.96%
[2025-10-25 21:57:18][INFO] Learning Rate: 0.028073
[2025-10-25 21:57:20][INFO] Saved best model with accuracy: 71.96%
[2025-10-25 21:57:20][INFO] 
================================================================================
[2025-10-25 21:57:20][INFO] Epoch 72/80
[2025-10-25 21:57:20][INFO] ================================================================================
[2025-10-25 21:58:01][INFO] 🔍 DEBUG: Using regular model for validation (not EMA)
[2025-10-25 21:58:06][INFO] Train Loss: 2.7056 | Train Acc: 68.76%
[2025-10-25 21:58:06][INFO] Val Loss: 1.7135 | Val Acc: 72.29%
[2025-10-25 21:58:06][INFO] Learning Rate: 0.022235
[2025-10-25 21:58:08][INFO] Saved best model with accuracy: 72.29%
[2025-10-25 21:58:08][INFO] 
================================================================================
[2025-10-25 21:58:08][INFO] Epoch 73/80
[2025-10-25 21:58:08][INFO] ================================================================================
[2025-10-25 21:58:49][INFO] 🔍 DEBUG: Using regular model for validation (not EMA)
[2025-10-25 21:58:54][INFO] Train Loss: 2.6689 | Train Acc: 69.71%
[2025-10-25 21:58:54][INFO] Val Loss: 1.8165 | Val Acc: 72.64%
[2025-10-25 21:58:54][INFO] Learning Rate: 0.017060
[2025-10-25 21:58:56][INFO] Saved best model with accuracy: 72.64%
[2025-10-25 21:58:56][INFO] 
================================================================================
[2025-10-25 21:58:56][INFO] Epoch 74/80
[2025-10-25 21:58:56][INFO] ================================================================================
[2025-10-25 21:59:38][INFO] 🔍 DEBUG: Using regular model for validation (not EMA)
[2025-10-25 21:59:42][INFO] Train Loss: 2.6232 | Train Acc: 70.39%
[2025-10-25 21:59:42][INFO] Val Loss: 1.7096 | Val Acc: 73.62%
[2025-10-25 21:59:42][INFO] Learning Rate: 0.012557
[2025-10-25 21:59:44][INFO] Saved best model with accuracy: 73.62%
[2025-10-25 21:59:44][INFO] 
================================================================================
[2025-10-25 21:59:44][INFO] Epoch 75/80
[2025-10-25 21:59:44][INFO] ================================================================================
[2025-10-25 22:00:26][INFO] 🔍 DEBUG: Using regular model for validation (not EMA)
[2025-10-25 22:00:30][INFO] Train Loss: 2.5775 | Train Acc: 71.43%
[2025-10-25 22:00:30][INFO] Val Loss: 1.6781 | Val Acc: 73.99%
[2025-10-25 22:00:30][INFO] Learning Rate: 0.008733
[2025-10-25 22:00:32][INFO] Saved best model with accuracy: 73.99%
[2025-10-25 22:00:32][INFO] 
================================================================================
[2025-10-25 22:00:32][INFO] Epoch 76/80
[2025-10-25 22:00:32][INFO] ================================================================================
[2025-10-25 22:01:14][INFO] 🔍 DEBUG: Using regular model for validation (not EMA)
[2025-10-25 22:01:18][INFO] Train Loss: 2.5715 | Train Acc: 71.86%
[2025-10-25 22:01:18][INFO] Val Loss: 1.8616 | Val Acc: 74.22%
[2025-10-25 22:01:18][INFO] Learning Rate: 0.005596
[2025-10-25 22:01:20][INFO] Saved best model with accuracy: 74.22%
[2025-10-25 22:01:20][INFO] 
================================================================================
[2025-10-25 22:01:20][INFO] Epoch 77/80
[2025-10-25 22:01:20][INFO] ================================================================================
[2025-10-25 22:02:02][INFO] 🔍 DEBUG: Using regular model for validation (not EMA)
[2025-10-25 22:02:07][INFO] Train Loss: 2.5481 | Train Acc: 72.33%
[2025-10-25 22:02:07][INFO] Val Loss: 1.8290 | Val Acc: 74.63%
[2025-10-25 22:02:07][INFO] Learning Rate: 0.003151
[2025-10-25 22:02:08][INFO] Saved best model with accuracy: 74.63%
[2025-10-25 22:02:08][INFO] 
================================================================================
[2025-10-25 22:02:08][INFO] Epoch 78/80
[2025-10-25 22:02:08][INFO] ================================================================================
[2025-10-25 22:02:50][INFO] 🔍 DEBUG: Using regular model for validation (not EMA)
[2025-10-25 22:02:55][INFO] Train Loss: 2.5150 | Train Acc: 72.82%
[2025-10-25 22:02:55][INFO] Val Loss: 1.6766 | Val Acc: 75.13%
[2025-10-25 22:02:55][INFO] Learning Rate: 0.001402
[2025-10-25 22:02:56][INFO] Saved best model with accuracy: 75.13%
[2025-10-25 22:02:56][INFO] 
================================================================================
[2025-10-25 22:02:56][INFO] Epoch 79/80
[2025-10-25 22:02:56][INFO] ================================================================================
[2025-10-25 22:03:38][INFO] 🔍 DEBUG: Using regular model for validation (not EMA)
[2025-10-25 22:03:43][INFO] Train Loss: 2.5019 | Train Acc: 72.91%
[2025-10-25 22:03:43][INFO] Val Loss: 1.6600 | Val Acc: 75.09%
[2025-10-25 22:03:43][INFO] Learning Rate: 0.000352
[2025-10-25 22:03:43][INFO] 
================================================================================
[2025-10-25 22:03:43][INFO] Epoch 80/80
[2025-10-25 22:03:43][INFO] ================================================================================
